# JRE version: Java(TM) SE Runtime Environment (8.0_45-b14) (build 1.8.0_45-b14)
# Java VM: Java HotSpot(TM) 64-Bit Server VM (25.45-b02 mixed mode bsd-amd64 compressed oops)
Heap:
 PSYoungGen      total 140800K, used 35767K [0x0000000795580000, 0x000000079e880000, 0x00000007c0000000)
  eden space 132608K, 26% used [0x0000000795580000,0x000000079786dee0,0x000000079d700000)
  from space 8192K, 0% used [0x000000079df80000,0x000000079df80000,0x000000079e780000)
  to   space 8704K, 0% used [0x000000079d700000,0x000000079d700000,0x000000079df80000)
 ParOldGen       total 57856K, used 7607K [0x0000000740000000, 0x0000000743880000, 0x0000000795580000)
  object space 57856K, 13% used [0x0000000740000000,0x000000074076df30,0x0000000743880000)
 Metaspace       used 26259K, capacity 26460K, committed 26752K, reserved 1073152K
  class space    used 3274K, capacity 3362K, committed 3456K, reserved 1048576K
GC Heap History (10 events):
Event: 1.743 GC heap before
{Heap before GC invocations=3 (full 0):
 PSYoungGen      total 38400K, used 37606K [0x0000000795580000, 0x0000000798000000, 0x00000007c0000000)
  eden space 33280K, 100% used [0x0000000795580000,0x0000000797600000,0x0000000797600000)
  from space 5120K, 84% used [0x0000000797b00000,0x0000000797f39ba8,0x0000000798000000)
  to   space 5120K, 0% used [0x0000000797600000,0x0000000797600000,0x0000000797b00000)
 ParOldGen       total 87552K, used 24K [0x0000000740000000, 0x0000000745580000, 0x0000000795580000)
  object space 87552K, 0% used [0x0000000740000000,0x0000000740006000,0x0000000745580000)
 Metaspace       used 11382K, capacity 11538K, committed 11648K, reserved 1058816K
  class space    used 1381K, capacity 1405K, committed 1408K, reserved 1048576K
Event: 1.747 GC heap after
Heap after GC invocations=3 (full 0):
 PSYoungGen      total 38400K, used 5103K [0x0000000795580000, 0x000000079a080000, 0x00000007c0000000)
  eden space 33280K, 0% used [0x0000000795580000,0x0000000795580000,0x0000000797600000)
  from space 5120K, 99% used [0x0000000797600000,0x0000000797afbd48,0x0000000797b00000)
  to   space 5120K, 0% used [0x0000000799b80000,0x0000000799b80000,0x000000079a080000)
 ParOldGen       total 87552K, used 167K [0x0000000740000000, 0x0000000745580000, 0x0000000795580000)
  object space 87552K, 0% used [0x0000000740000000,0x0000000740029ec0,0x0000000745580000)
 Metaspace       used 11382K, capacity 11538K, committed 11648K, reserved 1058816K
  class space    used 1381K, capacity 1405K, committed 1408K, reserved 1048576K
}
Event: 2.258 GC heap before
{Heap before GC invocations=4 (full 0):
 PSYoungGen      total 38400K, used 38383K [0x0000000795580000, 0x000000079a080000, 0x00000007c0000000)
  eden space 33280K, 100% used [0x0000000795580000,0x0000000797600000,0x0000000797600000)
  from space 5120K, 99% used [0x0000000797600000,0x0000000797afbd48,0x0000000797b00000)
  to   space 5120K, 0% used [0x0000000799b80000,0x0000000799b80000,0x000000079a080000)
 ParOldGen       total 87552K, used 167K [0x0000000740000000, 0x0000000745580000, 0x0000000795580000)
  object space 87552K, 0% used [0x0000000740000000,0x0000000740029ec0,0x0000000745580000)
 Metaspace       used 14110K, capacity 14218K, committed 14336K, reserved 1062912K
  class space    used 1737K, capacity 1761K, committed 1792K, reserved 1048576K
Event: 2.266 GC heap after
Heap after GC invocations=4 (full 0):
 PSYoungGen      total 71680K, used 5107K [0x0000000795580000, 0x000000079a080000, 0x00000007c0000000)
  eden space 66560K, 0% used [0x0000000795580000,0x0000000795580000,0x0000000799680000)
  from space 5120K, 99% used [0x0000000799b80000,0x000000079a07cc80,0x000000079a080000)
  to   space 5120K, 0% used [0x0000000799680000,0x0000000799680000,0x0000000799b80000)
 ParOldGen       total 87552K, used 985K [0x0000000740000000, 0x0000000745580000, 0x0000000795580000)
  object space 87552K, 1% used [0x0000000740000000,0x00000007400f6490,0x0000000745580000)
 Metaspace       used 14110K, capacity 14218K, committed 14336K, reserved 1062912K
  class space    used 1737K, capacity 1761K, committed 1792K, reserved 1048576K
}
Event: 3.036 GC heap before
{Heap before GC invocations=5 (full 0):
 PSYoungGen      total 71680K, used 71667K [0x0000000795580000, 0x000000079a080000, 0x00000007c0000000)
  eden space 66560K, 100% used [0x0000000795580000,0x0000000799680000,0x0000000799680000)
  from space 5120K, 99% used [0x0000000799b80000,0x000000079a07cc80,0x000000079a080000)
  to   space 5120K, 0% used [0x0000000799680000,0x0000000799680000,0x0000000799b80000)
 ParOldGen       total 87552K, used 985K [0x0000000740000000, 0x0000000745580000, 0x0000000795580000)
  object space 87552K, 1% used [0x0000000740000000,0x00000007400f6490,0x0000000745580000)
 Metaspace       used 18027K, capacity 18172K, committed 18432K, reserved 1064960K
  class space    used 2164K, capacity 2180K, committed 2304K, reserved 1048576K
Event: 3.046 GC heap after
Heap after GC invocations=5 (full 0):
 PSYoungGen      total 71680K, used 5095K [0x0000000795580000, 0x000000079e780000, 0x00000007c0000000)
  eden space 66560K, 0% used [0x0000000795580000,0x0000000795580000,0x0000000799680000)
  from space 5120K, 99% used [0x0000000799680000,0x0000000799b79ca0,0x0000000799b80000)
  to   space 8192K, 0% used [0x000000079df80000,0x000000079df80000,0x000000079e780000)
 ParOldGen       total 87552K, used 3830K [0x0000000740000000, 0x0000000745580000, 0x0000000795580000)
  object space 87552K, 4% used [0x0000000740000000,0x00000007403bda98,0x0000000745580000)
 Metaspace       used 18027K, capacity 18172K, committed 18432K, reserved 1064960K
  class space    used 2164K, capacity 2180K, committed 2304K, reserved 1048576K
}
Event: 3.364 GC heap before
{Heap before GC invocations=6 (full 0):
 PSYoungGen      total 71680K, used 23736K [0x0000000795580000, 0x000000079e780000, 0x00000007c0000000)
  eden space 66560K, 28% used [0x0000000795580000,0x00000007967b4380,0x0000000799680000)
  from space 5120K, 99% used [0x0000000799680000,0x0000000799b79ca0,0x0000000799b80000)
  to   space 8192K, 0% used [0x000000079df80000,0x000000079df80000,0x000000079e780000)
 ParOldGen       total 87552K, used 3830K [0x0000000740000000, 0x0000000745580000, 0x0000000795580000)
  object space 87552K, 4% used [0x0000000740000000,0x00000007403bda98,0x0000000745580000)
 Metaspace       used 20938K, capacity 21110K, committed 21296K, reserved 1069056K
  class space    used 2546K, capacity 2625K, committed 2688K, reserved 1048576K
Event: 3.375 GC heap after
Heap after GC invocations=6 (full 0):
 PSYoungGen      total 140800K, used 7480K [0x0000000795580000, 0x000000079e880000, 0x00000007c0000000)
  eden space 132608K, 0% used [0x0000000795580000,0x0000000795580000,0x000000079d700000)
  from space 8192K, 91% used [0x000000079df80000,0x000000079e6ce100,0x000000079e780000)
  to   space 8704K, 0% used [0x000000079d700000,0x000000079d700000,0x000000079df80000)
 ParOldGen       total 87552K, used 3838K [0x0000000740000000, 0x0000000745580000, 0x0000000795580000)
  object space 87552K, 4% used [0x0000000740000000,0x00000007403bfa98,0x0000000745580000)
 Metaspace       used 20938K, capacity 21110K, committed 21296K, reserved 1069056K
  class space    used 2546K, capacity 2625K, committed 2688K, reserved 1048576K
}
Event: 3.375 GC heap before
{Heap before GC invocations=7 (full 1):
 PSYoungGen      total 140800K, used 7480K [0x0000000795580000, 0x000000079e880000, 0x00000007c0000000)
  eden space 132608K, 0% used [0x0000000795580000,0x0000000795580000,0x000000079d700000)
  from space 8192K, 91% used [0x000000079df80000,0x000000079e6ce100,0x000000079e780000)
  to   space 8704K, 0% used [0x000000079d700000,0x000000079d700000,0x000000079df80000)
 ParOldGen       total 87552K, used 3838K [0x0000000740000000, 0x0000000745580000, 0x0000000795580000)
  object space 87552K, 4% used [0x0000000740000000,0x00000007403bfa98,0x0000000745580000)
 Metaspace       used 20938K, capacity 21110K, committed 21296K, reserved 1069056K
  class space    used 2546K, capacity 2625K, committed 2688K, reserved 1048576K
Event: 3.415 GC heap after
Heap after GC invocations=7 (full 1):
 PSYoungGen      total 140800K, used 0K [0x0000000795580000, 0x000000079e880000, 0x00000007c0000000)
  eden space 132608K, 0% used [0x0000000795580000,0x0000000795580000,0x000000079d700000)
  from space 8192K, 0% used [0x000000079df80000,0x000000079df80000,0x000000079e780000)
  to   space 8704K, 0% used [0x000000079d700000,0x000000079d700000,0x000000079df80000)
 ParOldGen       total 57856K, used 7607K [0x0000000740000000, 0x0000000743880000, 0x0000000795580000)
  object space 57856K, 13% used [0x0000000740000000,0x000000074076df30,0x0000000743880000)
 Metaspace       used 20938K, capacity 21110K, committed 21296K, reserved 1069056K
  class space    used 2546K, capacity 2625K, committed 2688K, reserved 1048576K
}

